<?xml version="1.0" encoding="UTF-8"?>
<testsuite name="service.StudentServiceTest" tests="1" skipped="0" failures="0" errors="0" timestamp="2021-11-10T12:35:29" hostname="DESKTOP-H1043VR" time="0.011">
  <properties/>
  <testcase name="findStudentTest" classname="service.StudentServiceTest" time="0.011"/>
  <system-out><![CDATA[]]></system-out>
  <system-err><![CDATA[]]></system-err>
</testsuite>
